SF:lib\core\failure\failure.dart
DA:6,3
LF:1
LH:1
end_of_record
SF:lib\features\auth\domain\entity\user_entity.dart
DA:11,1
DA:19,0
DA:20,0
DA:21,0
DA:22,0
DA:23,0
DA:24,0
DA:25,0
DA:26,0
DA:29,0
DA:30,0
DA:31,0
DA:32,0
DA:33,0
DA:34,0
DA:37,0
DA:39,0
LF:17
LH:1
end_of_record
SF:lib\features\auth\domain\use_case\add_user_usecase.dart
DA:7,3
DA:8,2
DA:9,2
DA:15,1
DA:17,0
DA:18,0
LF:6
LH:4
end_of_record
SF:lib\features\auth\domain\repository\user_repository.dart
DA:7,6
DA:8,6
LF:2
LH:2
end_of_record
SF:lib\config\constants\api_endpoints.dart
DA:2,0
LF:1
LH:0
end_of_record
SF:lib\config\routes\app_routes.dart
DA:15,0
DA:32,1
DA:33,1
DA:34,0
DA:35,0
DA:36,0
DA:37,0
DA:38,0
DA:39,0
DA:40,0
DA:41,0
DA:42,0
DA:43,0
DA:44,0
LF:14
LH:2
end_of_record
SF:lib\features\auth\presentation\view\login_view.dart
DA:9,9
DA:11,1
DA:12,1
DA:21,1
DA:23,3
DA:24,3
DA:25,2
DA:26,1
DA:27,5
DA:30,1
DA:31,1
DA:40,1
DA:41,1
DA:42,1
DA:43,1
DA:44,1
DA:45,2
DA:46,1
DA:47,1
DA:48,1
DA:50,1
DA:60,1
DA:62,1
DA:63,1
DA:75,1
DA:76,1
DA:77,1
DA:78,1
DA:79,1
DA:81,1
DA:91,1
DA:92,1
DA:99,1
DA:100,1
DA:101,1
DA:102,1
DA:110,1
DA:111,2
DA:114,0
DA:115,0
DA:116,0
DA:121,1
DA:122,1
DA:129,1
DA:130,1
DA:131,3
DA:132,1
DA:133,3
DA:134,1
DA:136,2
DA:137,2
DA:141,1
DA:143,1
DA:146,1
DA:148,1
DA:150,1
DA:157,1
DA:159,1
DA:161,1
DA:163,1
DA:171,0
DA:172,0
LF:62
LH:57
end_of_record
SF:lib\features\favourites\presentation\view\favourites_view.dart
DA:6,8
DA:8,0
DA:9,0
DA:15,0
DA:17,0
DA:18,0
DA:21,0
DA:23,0
DA:25,0
DA:27,0
DA:32,0
DA:33,0
DA:34,0
DA:35,0
DA:36,0
DA:37,0
DA:38,0
DA:39,0
DA:40,0
DA:41,0
DA:46,0
DA:49,0
DA:50,0
DA:52,0
DA:53,0
DA:55,0
DA:56,0
DA:58,0
DA:59,0
DA:60,0
DA:62,0
DA:63,0
DA:65,0
DA:71,0
DA:72,0
DA:80,0
DA:82,0
DA:85,0
DA:86,0
DA:87,0
DA:97,0
DA:98,0
LF:42
LH:1
end_of_record
SF:lib\features\favourites\presentation\view\profile_view.dart
DA:10,8
DA:12,0
DA:13,0
DA:21,0
DA:23,0
DA:24,0
DA:25,0
DA:28,0
DA:30,0
DA:31,0
DA:34,0
DA:35,0
DA:36,0
DA:37,0
DA:38,0
DA:39,0
DA:43,0
DA:44,0
DA:45,0
DA:48,0
DA:49,0
DA:54,0
DA:55,0
DA:56,0
DA:58,0
DA:62,0
DA:64,0
DA:65,0
DA:70,0
DA:71,0
DA:75,0
DA:80,0
DA:81,0
DA:82,0
DA:84,0
DA:86,0
DA:88,0
DA:91,0
DA:92,0
DA:94,0
DA:95,0
DA:97,0
DA:98,0
DA:102,0
DA:107,0
DA:108,0
DA:109,0
DA:119,0
DA:120,0
DA:121,0
DA:122,0
DA:125,0
DA:126,0
DA:127,0
LF:54
LH:1
end_of_record
SF:lib\features\auth\presentation\view\signup_view.dart
DA:8,5
DA:10,1
DA:11,1
DA:21,1
DA:23,1
DA:24,1
DA:31,1
DA:32,1
DA:33,1
DA:34,1
DA:35,1
DA:36,1
DA:50,1
DA:53,1
DA:54,1
DA:63,1
DA:64,1
DA:68,1
DA:70,1
DA:71,1
DA:84,1
DA:86,1
DA:87,1
DA:100,1
DA:102,1
DA:103,1
DA:116,1
DA:118,1
DA:119,1
DA:132,1
DA:134,1
DA:137,1
DA:138,0
DA:139,0
DA:140,0
DA:141,0
DA:142,0
DA:143,0
DA:144,0
DA:145,0
DA:146,0
DA:148,1
DA:150,1
DA:153,1
DA:154,1
DA:155,1
DA:166,1
DA:167,1
DA:169,1
DA:170,1
DA:177,0
DA:178,0
LF:52
LH:41
end_of_record
SF:lib\features\auth\presentation\view\splashscreen_view.dart
DA:7,4
DA:9,0
DA:10,0
DA:14,0
DA:16,0
DA:17,0
DA:18,0
DA:20,0
DA:23,0
DA:25,0
DA:26,0
LF:11
LH:1
end_of_record
SF:lib\features\feedback\presentation\view\feedbacks.dart
DA:9,4
DA:11,0
DA:12,0
DA:21,0
DA:23,0
DA:25,0
DA:29,0
DA:31,0
DA:35,0
DA:36,0
DA:41,0
DA:43,0
DA:44,0
DA:45,0
DA:47,0
DA:53,0
DA:55,0
DA:56,0
DA:57,0
DA:58,0
DA:61,0
DA:62,0
DA:64,0
DA:66,0
DA:67,0
DA:80,0
DA:81,0
DA:83,0
DA:84,0
DA:95,0
DA:97,0
DA:98,0
DA:99,0
DA:100,0
DA:101,0
DA:102,0
DA:103,0
DA:104,0
DA:105,0
LF:39
LH:1
end_of_record
SF:lib\features\home\presentation\view\home_view.dart
DA:10,4
DA:12,0
DA:13,0
DA:19,0
DA:21,0
DA:22,0
DA:23,0
DA:24,0
DA:25,0
DA:26,0
DA:27,0
DA:33,0
DA:35,0
DA:36,0
DA:37,0
DA:40,0
DA:42,0
DA:43,0
DA:46,0
DA:48,0
DA:49,0
DA:50,0
DA:51,0
DA:56,0
DA:58,0
DA:59,0
DA:60,0
LF:27
LH:1
end_of_record
SF:lib\features\notifications\presentation\view\notification_view.dart
DA:6,8
DA:8,0
DA:9,0
DA:15,0
DA:17,0
DA:18,0
DA:21,0
DA:23,0
DA:25,0
DA:27,0
DA:31,0
DA:32,0
DA:33,0
DA:34,0
DA:35,0
DA:36,0
DA:42,0
DA:43,0
DA:44,0
DA:45,0
DA:46,0
DA:47,0
DA:48,0
DA:49,0
DA:50,0
DA:51,0
DA:56,0
DA:59,0
DA:60,0
DA:61,0
DA:62,0
DA:64,0
DA:65,0
DA:67,0
DA:68,0
DA:70,0
DA:71,0
DA:72,0
DA:74,0
DA:75,0
DA:77,0
DA:83,0
DA:84,0
DA:99,0
DA:100,0
LF:45
LH:1
end_of_record
SF:lib\features\sensors\proximity.dart
DA:7,4
DA:9,0
DA:10,0
DA:17,0
DA:19,0
DA:21,0
DA:22,0
DA:23,0
DA:24,0
DA:25,0
DA:27,0
DA:28,0
DA:29,0
DA:37,0
DA:39,0
DA:40,0
DA:43,0
DA:45,0
DA:46,0
DA:49,0
DA:50,0
DA:68,4
DA:70,0
DA:72,0
DA:73,0
LF:25
LH:2
end_of_record
SF:lib\features\vehicles\presentation\view\vehicle_view.dart
DA:12,8
DA:14,0
DA:15,0
DA:23,0
DA:25,0
DA:26,0
DA:27,0
DA:28,0
DA:31,0
DA:33,0
DA:37,0
DA:38,0
DA:39,0
DA:40,0
DA:41,0
DA:42,0
DA:44,0
DA:46,0
DA:51,0
DA:52,0
DA:53,0
DA:55,0
DA:56,0
DA:62,0
DA:63,0
DA:67,0
DA:68,0
DA:69,0
DA:70,0
DA:71,0
DA:72,0
DA:73,0
DA:74,0
DA:79,0
DA:82,0
DA:83,0
DA:85,0
DA:86,0
DA:88,0
DA:89,0
DA:91,0
DA:92,0
DA:93,0
DA:94,0
DA:95,0
DA:97,0
DA:98,0
DA:99,0
DA:100,0
DA:101,0
DA:106,0
DA:108,0
DA:109,0
DA:111,0
DA:118,0
DA:120,0
DA:121,0
DA:122,0
DA:128,0
DA:132,0
DA:133,0
DA:134,0
DA:136,0
DA:137,0
DA:138,0
DA:148,0
DA:150,0
DA:151,0
DA:152,0
DA:163,0
DA:164,0
LF:71
LH:1
end_of_record
SF:lib\core\common\snackbar\my_snackbar.dart
DA:3,1
DA:8,2
DA:9,1
DA:10,1
LF:4
LH:4
end_of_record
SF:lib\core\networking\dio_error_interceptor.dart
DA:4,1
DA:6,1
DA:8,3
DA:9,0
DA:10,1
DA:11,1
DA:12,3
DA:13,0
DA:16,0
DA:17,0
DA:18,0
DA:20,0
DA:25,0
DA:26,0
DA:28,0
DA:31,0
LF:16
LH:6
end_of_record
SF:lib\core\networking\http_service.dart
DA:8,6
DA:9,8
DA:15,4
DA:17,2
DA:18,2
DA:19,4
DA:20,4
DA:21,4
DA:22,6
DA:23,6
DA:25,6
LF:11
LH:11
end_of_record
SF:lib\core\shared_pref\user_shared_prefs.dart
DA:8,8
DA:9,2
DA:15,0
DA:17,0
DA:18,0
DA:19,0
DA:21,0
DA:26,0
DA:28,0
DA:29,0
DA:30,0
DA:32,0
DA:37,0
DA:39,0
DA:40,0
DA:41,0
DA:43,0
DA:49,0
DA:50,0
DA:54,0
DA:56,0
DA:57,0
DA:59,0
DA:63,0
DA:65,0
DA:66,0
DA:67,0
DA:74,0
DA:76,0
DA:77,0
DA:79,0
DA:83,0
DA:92,0
DA:94,0
DA:96,0
DA:102,0
DA:105,0
DA:109,0
DA:111,0
DA:112,0
DA:114,0
DA:118,0
LF:42
LH:2
end_of_record
SF:lib\features\auth\data\data_source\user_remote_data_source.dart
DA:11,4
DA:12,4
DA:13,2
DA:14,4
DA:15,4
DA:23,2
DA:28,1
DA:33,2
DA:35,1
DA:40,0
DA:41,0
DA:42,0
DA:43,0
DA:46,0
DA:47,0
DA:48,0
DA:49,0
DA:53,1
DA:54,1
DA:55,1
DA:56,2
DA:57,1
DA:63,0
DA:65,0
DA:67,0
DA:68,0
DA:71,0
DA:72,0
DA:73,0
DA:75,0
DA:76,0
LF:31
LH:14
end_of_record
SF:lib\features\auth\data\model\user_api_model.dart
DA:14,0
DA:38,0
DA:39,0
DA:41,0
DA:45,0
DA:46,0
DA:47,0
DA:48,0
DA:49,0
DA:50,0
DA:51,0
DA:55,0
DA:56,0
DA:57,0
DA:58,0
DA:59,0
DA:60,0
DA:61,0
LF:18
LH:0
end_of_record
SF:lib\features\auth\data\model\user_api_model.g.dart
DA:9,0
DA:10,0
DA:11,0
DA:12,0
DA:13,0
DA:14,0
DA:17,0
DA:18,0
DA:19,0
DA:20,0
DA:21,0
DA:22,0
DA:23,0
LF:13
LH:0
end_of_record
SF:lib\features\auth\data\repository\user_remote_repository.dart
DA:8,6
DA:9,4
DA:10,4
DA:16,2
DA:18,0
DA:20,0
DA:23,1
DA:25,2
LF:8
LH:6
end_of_record
SF:lib\features\auth\domain\use_case\user_login_use_case.dart
DA:6,3
DA:7,4
DA:12,1
DA:14,1
DA:15,2
LF:5
LH:5
end_of_record
SF:lib\features\auth\presentation\state\user_state.dart
DA:10,2
DA:16,2
DA:17,4
DA:19,2
DA:25,2
DA:26,2
DA:27,2
DA:29,2
DA:30,2
LF:9
LH:9
end_of_record
SF:lib\features\auth\presentation\viewmodel\login_view_model.dart
DA:7,4
DA:8,2
DA:9,4
DA:14,6
DA:15,2
DA:17,6
DA:18,4
DA:19,6
DA:20,2
DA:21,8
DA:22,2
DA:25,0
DA:26,0
DA:31,0
DA:37,0
DA:38,0
DA:45,1
DA:46,3
LF:18
LH:13
end_of_record
SF:lib\features\auth\presentation\viewmodel\user_view_model.dart
DA:8,2
DA:9,1
DA:10,2
DA:11,2
DA:16,1
DA:18,2
DA:20,0
DA:21,0
DA:22,0
DA:23,0
DA:24,0
DA:25,0
DA:26,0
DA:33,0
DA:34,0
LF:15
LH:6
end_of_record
SF:lib\features\favourites\data\data_source\favourite_remote_data_source.dart
DA:12,0
DA:13,0
DA:14,0
DA:15,0
DA:22,0
DA:27,0
DA:29,0
DA:30,0
DA:31,0
DA:34,0
DA:35,0
DA:36,0
DA:40,0
DA:42,0
DA:43,0
DA:44,0
DA:45,0
DA:46,0
DA:48,0
DA:49,0
DA:50,0
DA:53,0
DA:54,0
DA:58,0
DA:61,0
DA:62,0
DA:64,0
DA:65,0
DA:68,0
DA:70,0
DA:71,0
DA:72,0
DA:74,0
DA:77,0
DA:78,0
DA:79,0
DA:82,0
DA:83,0
DA:84,0
DA:89,0
DA:92,0
DA:93,0
DA:94,0
DA:97,0
DA:99,0
DA:101,0
DA:103,0
DA:105,0
DA:108,0
DA:109,0
DA:110,0
DA:112,0
DA:113,0
LF:53
LH:0
end_of_record
SF:lib\features\favourites\data\dto\get_favourite_dto.dart
DA:12,0
DA:14,0
DA:15,0
DA:16,0
LF:4
LH:0
end_of_record
SF:lib\features\favourites\data\dto\get_favourite_dto.g.dart
DA:9,0
DA:10,0
DA:11,0
DA:12,0
DA:13,0
DA:14,0
DA:17,0
DA:18,0
DA:19,0
DA:20,0
LF:10
LH:0
end_of_record
SF:lib\features\favourites\data\model\favourite_api_model.dart
DA:13,0
DA:15,0
DA:16,0
DA:17,0
DA:18,0
DA:19,0
DA:22,0
DA:23,0
DA:24,0
DA:25,0
DA:35,0
DA:36,0
DA:37,0
DA:38,0
DA:39,0
DA:41,0
DA:42,0
DA:43,0
LF:18
LH:0
end_of_record
SF:lib\features\favourites\domain\entity\favourite_entity.dart
DA:8,0
DA:10,0
DA:11,0
DA:13,0
DA:14,0
DA:15,0
DA:17,0
DA:18,0
DA:20,0
DA:25,0
DA:26,0
DA:27,0
DA:28,0
DA:32,0
DA:34,0
LF:15
LH:0
end_of_record
SF:lib\features\favourites\data\repository\favourite_remote_repository.dart
DA:8,0
DA:9,0
DA:10,0
DA:11,0
DA:17,0
DA:19,0
DA:21,0
DA:24,0
DA:26,0
DA:29,0
DA:31,0
LF:11
LH:0
end_of_record
SF:lib\features\favourites\domain\repository\favourite_repository.dart
DA:7,0
DA:8,0
DA:9,0
LF:3
LH:0
end_of_record
SF:lib\features\favourites\domain\usecase\add_favourite_usecase.dart
DA:7,0
DA:8,0
DA:9,0
DA:14,0
DA:16,0
DA:18,0
LF:6
LH:0
end_of_record
SF:lib\features\favourites\domain\usecase\get_favourite_usecase.dart
DA:7,0
DA:8,0
DA:9,0
DA:14,0
DA:16,0
DA:17,0
DA:20,0
DA:22,0
LF:8
LH:0
end_of_record
SF:lib\features\favourites\presentation\state\favourites_state.dart
DA:12,0
DA:21,0
DA:22,0
DA:25,0
DA:33,0
DA:34,0
DA:35,0
DA:36,0
DA:37,0
DA:38,0
DA:39,0
LF:11
LH:0
end_of_record
SF:lib\features\favourites\presentation\view_model\get_favourite_view_model.dart
DA:6,0
DA:7,0
DA:8,0
DA:9,0
DA:15,0
DA:16,0
DA:17,0
DA:20,0
DA:21,0
DA:22,0
DA:25,0
DA:27,0
DA:29,0
DA:33,0
DA:34,0
DA:36,0
DA:37,0
DA:38,0
DA:39,0
DA:42,0
DA:43,0
DA:44,0
DA:45,0
DA:46,0
DA:47,0
DA:48,0
DA:50,0
DA:51,0
LF:28
LH:0
end_of_record
SF:lib\features\favourites\presentation\view_model\add_favourite_view_model.dart
DA:8,0
DA:9,0
DA:10,0
DA:11,0
DA:12,0
DA:13,0
DA:20,0
DA:24,0
DA:26,0
DA:27,0
DA:29,0
DA:30,0
DA:32,0
DA:33,0
DA:34,0
DA:35,0
DA:36,0
DA:41,0
DA:42,0
DA:44,0
DA:45,0
DA:46,0
DA:47,0
DA:50,0
DA:51,0
DA:52,0
DA:53,0
DA:54,0
DA:55,0
DA:56,0
DA:58,0
DA:59,0
DA:69,0
DA:71,0
DA:73,0
DA:77,0
DA:78,0
DA:79,0
LF:38
LH:0
end_of_record
SF:lib\features\feedback\data\data_source\feedback_remote_data_source.dart
DA:11,0
DA:12,0
DA:13,0
DA:14,0
DA:15,0
DA:23,0
DA:28,0
DA:33,0
DA:34,0
DA:36,0
DA:37,0
DA:40,0
DA:42,0
DA:44,0
DA:45,0
DA:46,0
DA:49,0
DA:52,0
DA:54,0
DA:57,0
DA:58,0
DA:59,0
LF:22
LH:0
end_of_record
SF:lib\features\feedback\data\model\feedback_api_model.dart
DA:12,0
DA:14,0
DA:15,0
DA:17,0
DA:19,0
DA:20,0
DA:21,0
DA:24,0
DA:25,0
DA:26,0
LF:10
LH:0
end_of_record
SF:lib\features\feedback\data\model\feedback_api_model.g.dart
DA:9,0
DA:10,0
DA:11,0
DA:12,0
DA:13,0
DA:16,0
DA:17,0
DA:18,0
DA:19,0
DA:20,0
LF:10
LH:0
end_of_record
SF:lib\features\feedback\domain\entity\feedback_entity.dart
DA:8,0
DA:10,0
DA:11,0
DA:13,0
DA:14,0
DA:16,0
DA:17,0
DA:19,0
DA:21,0
LF:9
LH:0
end_of_record
SF:lib\features\feedback\data\repository\feedback_remote_repository.dart
DA:8,0
DA:9,0
DA:10,0
DA:11,0
DA:17,0
DA:19,0
DA:21,0
LF:7
LH:0
end_of_record
SF:lib\features\feedback\domain\repository\feedback_repository.dart
DA:7,0
DA:8,0
LF:2
LH:0
end_of_record
SF:lib\features\feedback\domain\usecase\add_feedback_usecase.dart
DA:7,0
DA:8,0
DA:9,0
DA:14,0
DA:16,0
DA:18,0
LF:6
LH:0
end_of_record
SF:lib\features\feedback\presentation\state\feedback_state.dart
DA:10,0
DA:16,0
DA:17,0
DA:19,0
DA:25,0
DA:26,0
DA:27,0
DA:29,0
DA:30,0
LF:9
LH:0
end_of_record
SF:lib\features\feedback\presentation\view_model\feedback_view_model.dart
DA:6,0
DA:7,0
DA:8,0
DA:14,0
DA:16,0
DA:18,0
DA:19,0
DA:20,0
DA:21,0
DA:22,0
DA:23,0
DA:28,0
DA:29,0
LF:13
LH:0
end_of_record
SF:lib\features\vehicles\domain\entity\vehicle_entity.dart
DA:9,0
DA:15,0
DA:16,0
DA:17,0
DA:18,0
DA:19,0
DA:20,0
DA:21,0
DA:23,0
DA:24,0
DA:25,0
DA:26,0
DA:27,0
DA:30,0
DA:32,0
LF:15
LH:0
end_of_record
SF:lib\features\vehicles\presentation\view_model\vehicle_view_model.dart
DA:5,0
DA:6,0
DA:7,0
DA:8,0
DA:13,0
DA:15,0
DA:16,0
DA:18,0
DA:21,0
DA:22,0
DA:23,0
DA:26,0
DA:27,0
DA:28,0
DA:29,0
DA:30,0
DA:31,0
DA:34,0
DA:35,0
DA:36,0
DA:37,0
DA:38,0
DA:39,0
DA:40,0
DA:42,0
DA:43,0
LF:26
LH:0
end_of_record
SF:lib\features\home\presentation\state\home_state.dart
DA:20,0
DA:22,0
DA:27,0
DA:28,0
DA:29,0
DA:30,0
DA:38,0
DA:48,0
DA:49,0
DA:50,0
DA:51,0
DA:52,0
DA:53,0
DA:54,0
DA:55,0
DA:56,0
LF:16
LH:0
end_of_record
SF:lib\features\notifications\domain\entity\notification.dart
DA:6,0
DA:10,0
DA:11,0
DA:13,0
DA:14,0
DA:15,0
DA:16,0
DA:19,0
DA:20,0
DA:21,0
DA:24,0
DA:26,0
LF:12
LH:0
end_of_record
SF:lib\features\home\presentation\view_model\home_viewmodel.dart
DA:13,0
DA:14,0
DA:15,0
DA:16,0
DA:17,0
DA:18,0
DA:23,0
DA:24,0
DA:31,0
DA:32,0
DA:35,0
DA:36,0
DA:39,0
DA:40,0
DA:41,0
DA:42,0
DA:43,0
DA:45,0
DA:46,0
DA:50,0
DA:51,0
DA:52,0
DA:53,0
DA:54,0
DA:59,0
DA:60,0
DA:61,0
DA:62,0
DA:63,0
DA:67,0
DA:68,0
DA:69,0
DA:70,0
DA:71,0
LF:34
LH:0
end_of_record
SF:lib\features\notifications\domain\use_case\get_notification_use_case.dart
DA:7,0
DA:8,0
DA:9,0
DA:10,0
DA:16,0
DA:18,0
DA:19,0
DA:22,0
DA:23,0
LF:9
LH:0
end_of_record
SF:lib\features\vehicles\domain\usecase\get_all_vehicles.dart
DA:7,0
DA:8,0
DA:9,0
DA:15,0
DA:17,0
DA:18,0
LF:6
LH:0
end_of_record
SF:lib\features\map\presentation\routeCoordinates.dart
DA:13,0
DA:19,0
DA:20,0
DA:27,0
DA:29,0
DA:30,0
DA:33,0
DA:37,0
DA:39,0
DA:41,0
DA:42,0
DA:44,0
DA:45,0
DA:46,0
DA:47,0
DA:49,0
DA:50,0
DA:52,0
DA:55,0
DA:59,0
DA:64,0
DA:66,0
DA:67,0
DA:68,0
DA:69,0
DA:70,0
DA:72,0
DA:73,0
DA:74,0
DA:75,0
DA:79,0
DA:83,0
DA:85,0
DA:86,0
DA:90,0
DA:92,0
DA:93,0
DA:95,0
DA:101,0
DA:102,0
DA:104,0
DA:106,0
DA:107,0
DA:109,0
DA:115,0
DA:116,0
DA:118,0
DA:119,0
DA:128,0
DA:139,0
DA:140,0
DA:141,0
DA:142,0
DA:143,0
DA:146,0
DA:147,0
DA:152,0
DA:153,0
DA:154,0
DA:155,0
DA:161,0
DA:162,0
DA:163,0
DA:166,0
DA:173,0
DA:176,0
LF:66
LH:0
end_of_record
SF:lib\features\map\presentation\vehicleDetails.dart
DA:9,0
DA:16,0
DA:18,0
DA:19,0
DA:23,0
DA:25,0
DA:28,0
DA:37,0
DA:38,0
DA:45,0
DA:46,0
DA:47,0
DA:48,0
DA:49,0
DA:50,0
DA:51,0
DA:56,0
LF:17
LH:0
end_of_record
SF:lib\features\notifications\data\data_source\notification_remote_data_source.dart
DA:11,0
DA:12,0
DA:13,0
DA:14,0
DA:20,0
DA:22,0
DA:24,0
DA:25,0
DA:28,0
DA:29,0
DA:30,0
DA:33,0
DA:34,0
DA:35,0
DA:36,0
DA:37,0
DA:43,0
DA:46,0
DA:48,0
DA:53,0
DA:55,0
DA:56,0
DA:57,0
DA:58,0
DA:59,0
DA:61,0
DA:62,0
DA:63,0
DA:66,0
DA:67,0
LF:30
LH:0
end_of_record
SF:lib\features\notifications\data\dto\get_notification_dto.dart
DA:12,0
DA:15,0
DA:16,0
DA:17,0
LF:4
LH:0
end_of_record
SF:lib\features\notifications\data\dto\get_notification_dto.g.dart
DA:9,0
DA:10,0
DA:11,0
DA:12,0
DA:13,0
DA:14,0
DA:17,0
DA:18,0
DA:19,0
DA:20,0
LF:10
LH:0
end_of_record
SF:lib\features\notifications\data\model\notification_api_model.dart
DA:10,0
DA:12,0
DA:13,0
DA:14,0
DA:17,0
DA:18,0
DA:19,0
DA:22,0
DA:24,0
DA:27,0
DA:28,0
DA:29,0
DA:30,0
LF:13
LH:0
end_of_record
SF:lib\features\notifications\data\repository\notification_remote_repository.dart
DA:8,0
DA:9,0
DA:10,0
DA:12,0
DA:17,0
DA:20,0
DA:22,0
DA:25,0
DA:27,0
LF:9
LH:0
end_of_record
SF:lib\features\notifications\domain\repository\notification_repository.dart
DA:7,0
DA:8,0
DA:9,0
DA:10,0
LF:4
LH:0
end_of_record
SF:lib\features\notifications\presentation\state\notification_state.dart
DA:9,0
DA:16,0
DA:17,0
DA:19,0
DA:25,0
DA:31,0
DA:32,0
DA:33,0
DA:34,0
DA:35,0
LF:10
LH:0
end_of_record
SF:lib\features\notifications\presentation\view_model\get_notification_view_model.dart
DA:5,0
DA:6,0
DA:7,0
DA:8,0
DA:13,0
DA:15,0
DA:16,0
DA:18,0
DA:21,0
DA:22,0
DA:23,0
DA:26,0
DA:28,0
DA:29,0
DA:31,0
DA:35,0
DA:36,0
DA:37,0
DA:38,0
DA:39,0
DA:40,0
DA:43,0
DA:44,0
DA:45,0
DA:46,0
DA:47,0
DA:48,0
DA:49,0
DA:51,0
DA:52,0
LF:30
LH:0
end_of_record
SF:lib\features\vehicles\data\data_source\vehicle_data_source.dart
DA:11,0
DA:12,0
DA:13,0
DA:19,0
DA:21,0
DA:23,0
DA:25,0
DA:31,0
DA:32,0
DA:33,0
DA:34,0
DA:35,0
DA:36,0
DA:38,0
DA:39,0
DA:40,0
DA:44,0
DA:45,0
LF:18
LH:0
end_of_record
SF:lib\features\vehicles\data\dto\get_all_vehicles_dto.dart
DA:12,0
DA:15,0
DA:16,0
DA:17,0
LF:4
LH:0
end_of_record
SF:lib\features\vehicles\data\dto\get_all_vehicles_dto.g.dart
DA:9,0
DA:10,0
DA:11,0
DA:12,0
DA:13,0
DA:14,0
DA:17,0
DA:18,0
DA:19,0
DA:20,0
LF:10
LH:0
end_of_record
SF:lib\features\vehicles\data\model\vehicle_api_model.dart
DA:14,0
DA:17,0
DA:18,0
DA:19,0
DA:20,0
DA:21,0
DA:22,0
DA:26,0
DA:27,0
DA:28,0
DA:29,0
DA:30,0
DA:35,0
DA:36,0
DA:37,0
DA:38,0
DA:39,0
DA:40,0
DA:45,0
DA:46,0
DA:47,0
DA:48,0
DA:49,0
DA:50,0
LF:24
LH:0
end_of_record
SF:lib\features\vehicles\data\repository\vehicle_remote_repo.dart
DA:8,0
DA:9,0
DA:10,0
DA:11,0
DA:18,0
DA:21,0
DA:23,0
LF:7
LH:0
end_of_record
SF:lib\features\vehicles\domain\repository\vehicle_repository.dart
DA:7,0
DA:8,0
DA:9,0
LF:3
LH:0
end_of_record
SF:lib\features\vehicles\presentation\state\vehicles_state.dart
DA:9,0
DA:16,0
DA:17,0
DA:19,0
DA:25,0
DA:31,0
DA:32,0
DA:33,0
DA:34,0
DA:35,0
LF:10
LH:0
end_of_record
